Evaluation of root project 'build-project-evaluate-events' succeeded
Evaluation of project ':project-a' succeeded
Evaluation of project ':project-b' FAILED

FAILURE: Build failed with an exception.

* Where:
Build file '/home/user/gradle/samples/project-b.gradle' line: 1

* What went wrong:
A problem occurred evaluating project ':project-b'.
> broken

* Try:
> Run with --stacktrace option to get the stack trace.
> Run with --info or --debug option to get more log output.
> Run with --scan to get full insights.

* Get more help at https://help.gradle.org

BUILD FAILED in 0s
